2021-05-25 15:42:46,928 - INFO- Successful Register
2021-05-25 15:44:55,698 - INFO- invalid data entered 3 times
2021-05-25 15:50:33,625 - INFO- Successful Login
2021-05-25 15:50:49,733 - INFO- Successful Login
2021-05-25 15:51:14,734 - INFO- sara Edited Profile
2021-05-25 15:52:38,965 - INFO- Successful Login
2021-05-25 15:52:51,905 - INFO- Username:[sahar] Sent a post
2021-05-25 15:55:49,831 - INFO- Successful Login
2021-05-25 16:00:45,321 - INFO- Successful Login
2021-05-25 16:01:03,499 - INFO- Username:[sahar] send a comment
2021-05-25 16:01:58,452 - INFO- Successful Login
2021-05-25 16:02:20,803 - INFO- Username:[sahar] send a comment
2021-05-25 16:04:23,715 - INFO- Successful Login
2021-05-25 16:04:40,896 - INFO- Username:[sahar] send a comment
2021-05-25 16:06:12,514 - INFO- Successful Login
2021-05-25 16:08:07,782 - INFO- Successful Login
2021-05-25 16:08:19,899 - INFO- Username:[sahar] send a comment
2021-05-25 16:08:44,363 - INFO- Username:[sahar] send a comment
2021-05-25 16:12:06,544 - INFO- Successful Login
2021-05-25 16:12:32,510 - INFO- Username:[sahar] send a comment
2021-05-25 16:12:57,335 - INFO- Username:[sahar] send a comment
2021-05-25 16:15:37,433 - INFO- Successful Login
2021-05-25 16:15:49,546 - INFO- Username:[sahar] send a comment
2021-05-25 16:16:14,339 - INFO- Username:[sahar] send a comment
2021-05-25 17:48:22,601 - INFO- Successful Login
2021-05-25 17:48:32,262 - INFO- Username:[sahar] send a comment
2021-05-25 17:50:14,526 - INFO- Successful Login
2021-05-25 17:50:52,196 - INFO- Successful Login
2021-05-25 17:51:00,900 - INFO- Username:[sahar] send a comment
2021-05-25 17:54:25,247 - INFO- Unsuccessful Login
2021-05-25 17:54:30,128 - INFO- Successful Login
2021-05-25 17:55:38,308 - INFO- Successful Login
2021-05-25 17:55:48,749 - INFO- Username:[woody] send a comment
2021-05-25 17:57:01,959 - INFO- Successful Login
2021-05-25 17:57:47,037 - INFO- Successful Login
2021-05-25 17:59:25,528 - INFO- Successful Login
2021-05-25 18:06:21,660 - INFO- Successful Login
2021-05-25 18:06:42,681 - INFO- Successful Login
2021-05-25 18:08:07,093 - INFO- Successful Login
2021-05-25 18:10:20,067 - INFO- Successful Login
2021-05-25 18:11:19,391 - INFO- Successful Login
2021-05-25 18:11:32,118 - INFO- Username:[sahar] send a comment
2021-05-25 18:11:56,360 - INFO- Username:[sahar] send a comment
2021-05-25 19:43:11,358 - INFO- Successful Login
2021-05-25 19:43:29,537 - INFO- Username:[sara] Edited Profile
2021-05-25 19:44:08,488 - INFO- Username:[sara] Edited Profile
2021-05-25 19:44:22,544 - INFO- Successful Logout
2021-05-25 19:49:56,120 - INFO- Successful Login
2021-05-25 19:50:07,417 - INFO- Username:[sahar] Edited Profile
2021-05-25 19:50:45,600 - INFO- Successful Login
2021-05-25 19:50:54,292 - INFO- Username:[sahar] Edited Profile
2021-05-25 19:54:55,944 - INFO- Successful Login
2021-05-25 19:55:10,921 - INFO- Username:[sahar] Edited Profile
2021-05-25 19:57:07,261 - INFO- Unsuccessful Login
2021-05-25 19:57:11,228 - INFO- Unsuccessful Login
2021-05-25 19:57:33,759 - INFO- Successful Login
2021-05-25 19:58:04,880 - INFO- Successful Login
2021-05-25 19:58:16,507 - INFO- Username:[sahar] Edited Profile
2021-05-25 19:59:25,288 - INFO- Successful Login
2021-05-25 19:59:32,584 - INFO- Username:[sahar] Edited Profile
2021-05-25 20:04:16,749 - INFO- Unsuccessful Login
2021-05-25 20:04:22,729 - INFO- Unsuccessful Login
2021-05-25 20:04:43,932 - INFO- Successful Login
2021-05-25 20:08:44,387 - INFO- Successful Login
2021-05-25 20:08:53,377 - INFO- sahar changed password
2021-05-25 20:09:17,615 - INFO- Successful Login
2021-05-25 20:09:28,406 - INFO- sahar changed password
2021-05-25 20:17:28,604 - INFO- Successful Register
2021-05-25 20:17:52,662 - INFO- Successful Login
2021-05-25 20:18:37,269 - INFO- Successful Register
2021-05-25 20:19:03,424 - INFO- Unsuccessful Login
2021-05-25 20:19:12,486 - INFO- Unsuccessful Login
2021-05-25 20:19:33,095 - INFO- Unsuccessful Login
2021-05-25 20:19:53,551 - INFO- Unsuccessful Login
2021-05-25 20:20:44,410 - INFO- Successful Login
2021-05-25 20:21:07,297 - INFO- sara changed password
2021-05-25 20:21:38,932 - INFO- Username:[sara] Edited Profile
2021-05-25 20:21:52,298 - INFO- sara changed password
2021-05-25 20:21:55,551 - INFO- Successful Logout
2021-05-25 20:22:03,337 - INFO- Successful Login
2021-05-25 20:28:00,703 - INFO- Successful Login
2021-05-25 20:29:04,476 - INFO- Successful Login
2021-05-25 20:30:49,800 - INFO- Username:[sara] send a comment
2021-05-25 20:31:32,386 - INFO- Successful Login
2021-05-25 20:32:00,308 - INFO- Username:[sara] send a comment
2021-05-25 20:32:52,017 - INFO- Username:[sara] send a comment
2021-05-25 20:33:58,601 - INFO- Username:[sara] Sent a post
